<?xml version="1.0" encoding="UTF-8"?>
<!-- Generated by org.testng.reporters.JUnitReportReporter -->
<testsuite skipped="0" hostname="DESKTOP-HOULV4S" name="com.training.sanity.tests.Retail_Register" tests="1" failures="0" timestamp="21 Nov 2019 04:47:24 GMT" time="30.731" errors="0">
  <testcase name="validLoginTest" time="30.731" classname="com.training.sanity.tests.Retail_Register"/>
</testsuite> <!-- com.training.sanity.tests.Retail_Register -->
