<?xml version="1.0" encoding="UTF-8"?>
<!-- Generated by org.testng.reporters.JUnitReportReporter -->
<testsuite skipped="0" hostname="DESKTOP-HOULV4S" name="com.training.sanity.tests.WithPrelogin" tests="1" failures="0" timestamp="29 Nov 2019 05:31:43 GMT" time="73.774" errors="0">
  <testcase name="validLoginTest" time="73.774" classname="com.training.sanity.tests.WithPrelogin"/>
</testsuite> <!-- com.training.sanity.tests.WithPrelogin -->
