<?xml version="1.0" encoding="UTF-8"?>
<!-- Generated by org.testng.reporters.JUnitReportReporter -->
<testsuite skipped="0" hostname="DESKTOP-HOULV4S" name="Test1.Test1" tests="1" failures="0" timestamp="18 Nov 2019 05:23:52 GMT" time="23.842" errors="0">
  <testcase name="magentologin" time="23.842" classname="Test1.Test1"/>
</testsuite> <!-- Test1.Test1 -->
