<?xml version="1.0" encoding="UTF-8"?>
<!-- Generated by org.testng.reporters.JUnitReportReporter -->
<testsuite skipped="0" hostname="DESKTOP-HOULV4S" name="com.training.sanity.tests.RetailRecover" tests="1" failures="0" timestamp="22 Nov 2019 04:31:51 GMT" time="25.438" errors="0">
  <testcase name="validLoginTest" time="25.438" classname="com.training.sanity.tests.RetailRecover"/>
</testsuite> <!-- com.training.sanity.tests.RetailRecover -->
