<?xml version="1.0" encoding="UTF-8"?>
<!-- Generated by org.testng.reporters.JUnitReportReporter -->
<testsuite skipped="0" hostname="DESKTOP-HOULV4S" name="com.training.sanity.tests.Retail_login" tests="1" failures="0" timestamp="29 Nov 2019 03:49:30 GMT" time="29.349" errors="0">
  <testcase name="validLoginTest" time="29.349" classname="com.training.sanity.tests.Retail_login"/>
</testsuite> <!-- com.training.sanity.tests.Retail_login -->
